<?xml version="1.0" encoding="UTF-8"?>
<!-- Generated by org.testng.reporters.JUnitXMLReporter -->
<testsuite ignored="0" hostname="LAPTOP-KGLKBPSV" failures="0" tests="2" name="Test-Login" time="35.869" errors="0" timestamp="2025-03-08T00:56:44 IST">
  <testcase classname="com.asserts.AssertionDemo" name="loginTest" time="19.657"/>
  <testcase classname="com.asserts.AssertionDemo" name="loginTestwithInvalid" time="4.043"/>
</testsuite> <!-- Test-Login -->
