<?xml version="1.0" encoding="UTF-8"?>
<!-- Generated by org.testng.reporters.JUnitXMLReporter -->
<testsuite ignored="0" hostname="LAPTOP-KGLKBPSV" failures="0" tests="1" name="Test-Gmail" time="23.912" errors="0" timestamp="2025-03-06T12:59:40 IST">
  <testcase classname="com.sydulu.GoogleTest" name="gmailLoginTest" time="11.163"/>
</testsuite> <!-- Test-Gmail -->
