<?xml version="1.0" encoding="UTF-8"?>
<!-- Generated by org.testng.reporters.JUnitReportReporter -->
<testsuite hostname="LAPTOP-KGLKBPSV" failures="0" tests="4" name="com.syd.TestNGDemo" time="0.029" errors="0" timestamp="2025-03-06T13:10:46 IST" skipped="0">
  <testcase classname="com.syd.TestNGDemo" name="myTestZero" time="0.003"/>
  <testcase classname="com.syd.TestNGDemo" name="myTestZero" time="0.007"/>
  <testcase classname="com.syd.TestNGDemo" name="myTestZero" time="0.016"/>
  <testcase classname="com.syd.TestNGDemo" name="myTestOne" time="0.003"/>
</testsuite> <!-- com.syd.TestNGDemo -->
