<?xml version="1.0" encoding="UTF-8"?>
<!-- Generated by org.testng.reporters.JUnitReportReporter -->
<testsuite hostname="LAPTOP-KGLKBPSV" failures="0" tests="2" name="com.asserts.AssertionDemo" time="23.700" errors="0" timestamp="2025-03-08T00:56:44 IST" skipped="0">
  <testcase classname="com.asserts.AssertionDemo" name="loginTestwithInvalid" time="4.043"/>
  <testcase classname="com.asserts.AssertionDemo" name="loginTest" time="19.657"/>
</testsuite> <!-- com.asserts.AssertionDemo -->
