<?xml version="1.0" encoding="UTF-8"?>
<!-- Generated by org.testng.reporters.JUnitReportReporter -->
<testsuite hostname="LAPTOP-KGLKBPSV" failures="0" tests="1" name="com.listenerz.ListnerzTest" time="0.114" errors="0" timestamp="2025-03-11T00:56:04 IST" skipped="0">
  <testcase classname="com.listenerz.ListnerzTest" name="fbTestPass" time="0.114"/>
</testsuite> <!-- com.listenerz.ListnerzTest -->
