<?xml version="1.0" encoding="UTF-8"?>
<!-- Generated by org.testng.reporters.JUnitReportReporter -->
<testsuite hostname="LAPTOP-KGLKBPSV" failures="0" tests="2" name="com.syd.TestNGDemo" time="0.019" errors="0" timestamp="2025-03-06T12:22:44 IST" skipped="0">
  <testcase classname="com.syd.TestNGDemo" name="myTestZero" time="0.013"/>
  <testcase classname="com.syd.TestNGDemo" name="myTestOne" time="0.006"/>
</testsuite> <!-- com.syd.TestNGDemo -->
