<?xml version="1.0" encoding="UTF-8"?>
<!-- Generated by org.testng.reporters.JUnitReportReporter -->
<testsuite hostname="LAPTOP-KGLKBPSV" failures="0" tests="2" name="com.sydulu.GoogleTest" time="15.322" errors="0" timestamp="2025-03-07T11:59:03 IST" skipped="1">
  <testcase classname="com.sydulu.GoogleTest" name="gmailLoginTest" time="15.322"/>
  <testcase classname="com.sydulu.GoogleTest" name="facebooktest">
    <skipped/>
  </testcase> <!-- facebooktest -->
</testsuite> <!-- com.sydulu.GoogleTest -->
