<?xml version="1.0" encoding="UTF-8"?>
<!-- Generated by org.testng.reporters.JUnitReportReporter -->
<testsuite hostname="LAPTOP-KGLKBPSV" failures="0" tests="1" name="com.syd.TestNGDemo" time="0.023" errors="0" timestamp="2025-03-06T11:39:03 IST" skipped="0">
  <testcase classname="com.syd.TestNGDemo" name="myTest" time="0.023"/>
</testsuite> <!-- com.syd.TestNGDemo -->
